2024-03-28 11:40:32,892, Controller_RRT.py, 87, Error inside calculate_path
Traceback (most recent call last):
  File "/home/koen/git/Delta/Pathplanning/Controller_RRT.py", line 74, in calculate_path
    Nodes = RRT_Algorithm.RRT(img, img2, self.Calculating_Coords, self.stepSize)
  File "/home/koen/git/Delta/Pathplanning/RRT/rrt.py", line 126, in RRT
    tx,ty,directCon,nodeCon = self.check_collision(nx,ny,nearest_x,nearest_y, stepSize)
  File "/home/koen/git/Delta/Pathplanning/RRT/rrt.py", line 60, in check_collision
    if self.collision(x,y,self.end[0],self.end[1]):
  File "/home/koen/git/Delta/Pathplanning/RRT/rrt.py", line 31, in collision
    x = list(np.arange(x1,x2,(x2-x1)/100))
ValueError: arange: cannot compute length
2024-03-28 11:40:50,399, Controller_RRT.py, 87, Error inside calculate_path
Traceback (most recent call last):
  File "/home/koen/git/Delta/Pathplanning/Controller_RRT.py", line 74, in calculate_path
    Nodes = RRT_Algorithm.RRT(img, img2, self.Calculating_Coords, self.stepSize)
  File "/home/koen/git/Delta/Pathplanning/RRT/rrt.py", line 126, in RRT
    tx,ty,directCon,nodeCon = self.check_collision(nx,ny,nearest_x,nearest_y, stepSize)
  File "/home/koen/git/Delta/Pathplanning/RRT/rrt.py", line 66, in check_collision
    if self.collision(x,y,x2,y2):
  File "/home/koen/git/Delta/Pathplanning/RRT/rrt.py", line 31, in collision
    x = list(np.arange(x1,x2,(x2-x1)/100))
ValueError: arange: cannot compute length
2024-03-28 11:40:57,894, Controller_RRT.py, 87, Error inside calculate_path
Traceback (most recent call last):
  File "/home/koen/git/Delta/Pathplanning/Controller_RRT.py", line 74, in calculate_path
    Nodes = RRT_Algorithm.RRT(img, img2, self.Calculating_Coords, self.stepSize)
  File "/home/koen/git/Delta/Pathplanning/RRT/rrt.py", line 126, in RRT
    tx,ty,directCon,nodeCon = self.check_collision(nx,ny,nearest_x,nearest_y, stepSize)
  File "/home/koen/git/Delta/Pathplanning/RRT/rrt.py", line 66, in check_collision
    if self.collision(x,y,x2,y2):
  File "/home/koen/git/Delta/Pathplanning/RRT/rrt.py", line 31, in collision
    x = list(np.arange(x1,x2,(x2-x1)/100))
ValueError: arange: cannot compute length
